<?xml version="1.0" encoding="UTF-8"?>
<coverage generated="1617650081396" clover="3.2.0">
  <project timestamp="1617650081396" name="All files">
    <metrics statements="31" coveredstatements="25" conditionals="18" coveredconditionals="16" methods="10" coveredmethods="6" elements="59" coveredelements="47" complexity="0" loc="31" ncloc="31" packages="1" files="3" classes="3"/>
    <file name="Game.jsx" path="C:\Users\Casper\Desktop\4.Sınıf 2.Dönem\WebProgramlama2Odev\1030516486_BS436_WebProgramlama\odev05\src\client\Game.jsx">
      <metrics statements="26" coveredstatements="25" conditionals="18" coveredconditionals="16" methods="7" coveredmethods="6"/>
      <line num="6" count="5" type="stmt"/>
      <line num="7" count="5" type="stmt"/>
      <line num="16" count="5" type="stmt"/>
      <line num="17" count="5" type="stmt"/>
      <line num="18" count="5" type="stmt"/>
      <line num="24" count="5" type="cond" truecount="2" falsecount="0"/>
      <line num="25" count="4" type="stmt"/>
      <line num="28" count="4" type="cond" truecount="2" falsecount="0"/>
      <line num="29" count="1" type="stmt"/>
      <line num="30" count="1" type="stmt"/>
      <line num="32" count="3" type="cond" truecount="1" falsecount="1"/>
      <line num="33" count="3" type="cond" truecount="2" falsecount="0"/>
      <line num="34" count="1" type="stmt"/>
      <line num="37" count="3" type="cond" truecount="1" falsecount="1"/>
      <line num="38" count="3" type="cond" truecount="2" falsecount="0"/>
      <line num="39" count="1" type="stmt"/>
      <line num="43" count="4" type="stmt"/>
      <line num="49" count="4" type="cond" truecount="2" falsecount="0"/>
      <line num="50" count="2" type="stmt"/>
      <line num="58" count="5" type="stmt"/>
      <line num="59" count="0" type="stmt"/>
      <line num="69" count="9" type="stmt"/>
      <line num="70" count="9" type="stmt"/>
      <line num="73" count="1" type="stmt"/>
      <line num="74" count="1" type="stmt"/>
      <line num="75" count="3" type="stmt"/>
    </file>
    <file name="home.jsx" path="C:\Users\Casper\Desktop\4.Sınıf 2.Dönem\WebProgramlama2Odev\1030516486_BS436_WebProgramlama\odev05\src\client\home.jsx">
      <metrics statements="1" coveredstatements="0" conditionals="0" coveredconditionals="0" methods="1" coveredmethods="0"/>
      <line num="6" count="0" type="stmt"/>
    </file>
    <file name="index.jsx" path="C:\Users\Casper\Desktop\4.Sınıf 2.Dönem\WebProgramlama2Odev\1030516486_BS436_WebProgramlama\odev05\src\client\index.jsx">
      <metrics statements="4" coveredstatements="0" conditionals="0" coveredconditionals="0" methods="2" coveredmethods="0"/>
      <line num="7" count="0" type="stmt"/>
      <line num="8" count="0" type="stmt"/>
      <line num="21" count="0" type="stmt"/>
      <line num="35" count="0" type="stmt"/>
    </file>
  </project>
</coverage>
