{"C:\\Users\\Casper\\Desktop\\4.Sınıf 2.Dönem\\WebProgramlama2Odev\\1030516486_BS436_WebProgramlama\\odev05\\src\\client\\Game.jsx": {"path":"C:\\Users\\Casper\\Desktop\\4.Sınıf 2.Dönem\\WebProgramlama2Odev\\1030516486_BS436_WebProgramlama\\odev05\\src\\client\\Game.jsx","statementMap":{"0":{"start":{"line":6,"column":8},"end":{"line":6,"column":21}},"1":{"start":{"line":7,"column":8},"end":{"line":13,"column":10}},"2":{"start":{"line":16,"column":18},"end":{"line":56,"column":7}},"3":{"start":{"line":17,"column":45},"end":{"line":17,"column":55}},"4":{"start":{"line":18,"column":29},"end":{"line":22,"column":9}},"5":{"start":{"line":24,"column":8},"end":{"line":54,"column":9}},"6":{"start":{"line":25,"column":25},"end":{"line":25,"column":34}},"7":{"start":{"line":28,"column":12},"end":{"line":42,"column":13}},"8":{"start":{"line":29,"column":16},"end":{"line":29,"column":41}},"9":{"start":{"line":30,"column":16},"end":{"line":30,"column":54}},"10":{"start":{"line":32,"column":16},"end":{"line":36,"column":17}},"11":{"start":{"line":33,"column":20},"end":{"line":35,"column":21}},"12":{"start":{"line":34,"column":24},"end":{"line":34,"column":73}},"13":{"start":{"line":37,"column":16},"end":{"line":41,"column":17}},"14":{"start":{"line":38,"column":20},"end":{"line":40,"column":21}},"15":{"start":{"line":39,"column":24},"end":{"line":39,"column":73}},"16":{"start":{"line":43,"column":12},"end":{"line":47,"column":15}},"17":{"start":{"line":49,"column":12},"end":{"line":53,"column":13}},"18":{"start":{"line":50,"column":16},"end":{"line":52,"column":18}},"19":{"start":{"line":58,"column":18},"end":{"line":66,"column":9}},"20":{"start":{"line":59,"column":12},"end":{"line":65,"column":14}},"21":{"start":{"line":69,"column":32},"end":{"line":69,"column":42}},"22":{"start":{"line":70,"column":8},"end":{"line":80,"column":10}},"23":{"start":{"line":73,"column":62},"end":{"line":73,"column":79}},"24":{"start":{"line":74,"column":62},"end":{"line":74,"column":79}},"25":{"start":{"line":75,"column":62},"end":{"line":75,"column":79}}},"fnMap":{"0":{"name":"(anonymous_0)","decl":{"start":{"line":5,"column":4},"end":{"line":5,"column":5}},"loc":{"start":{"line":5,"column":23},"end":{"line":14,"column":7}},"line":5},"1":{"name":"(anonymous_1)","decl":{"start":{"line":16,"column":18},"end":{"line":16,"column":19}},"loc":{"start":{"line":16,"column":30},"end":{"line":56,"column":7}},"line":16},"2":{"name":"(anonymous_2)","decl":{"start":{"line":58,"column":18},"end":{"line":58,"column":19}},"loc":{"start":{"line":58,"column":23},"end":{"line":66,"column":9}},"line":58},"3":{"name":"(anonymous_3)","decl":{"start":{"line":68,"column":6},"end":{"line":68,"column":7}},"loc":{"start":{"line":68,"column":15},"end":{"line":81,"column":7}},"line":68},"4":{"name":"(anonymous_4)","decl":{"start":{"line":73,"column":57},"end":{"line":73,"column":58}},"loc":{"start":{"line":73,"column":61},"end":{"line":73,"column":80}},"line":73},"5":{"name":"(anonymous_5)","decl":{"start":{"line":74,"column":57},"end":{"line":74,"column":58}},"loc":{"start":{"line":74,"column":61},"end":{"line":74,"column":80}},"line":74},"6":{"name":"(anonymous_6)","decl":{"start":{"line":75,"column":57},"end":{"line":75,"column":58}},"loc":{"start":{"line":75,"column":61},"end":{"line":75,"column":80}},"line":75}},"branchMap":{"0":{"loc":{"start":{"line":24,"column":8},"end":{"line":54,"column":9}},"type":"if","locations":[{"start":{"line":24,"column":8},"end":{"line":54,"column":9}},{"start":{"line":24,"column":8},"end":{"line":54,"column":9}}],"line":24},"1":{"loc":{"start":{"line":28,"column":12},"end":{"line":42,"column":13}},"type":"if","locations":[{"start":{"line":28,"column":12},"end":{"line":42,"column":13}},{"start":{"line":28,"column":12},"end":{"line":42,"column":13}}],"line":28},"2":{"loc":{"start":{"line":32,"column":16},"end":{"line":36,"column":17}},"type":"if","locations":[{"start":{"line":32,"column":16},"end":{"line":36,"column":17}},{"start":{"line":32,"column":16},"end":{"line":36,"column":17}}],"line":32},"3":{"loc":{"start":{"line":33,"column":20},"end":{"line":35,"column":21}},"type":"if","locations":[{"start":{"line":33,"column":20},"end":{"line":35,"column":21}},{"start":{"line":33,"column":20},"end":{"line":35,"column":21}}],"line":33},"4":{"loc":{"start":{"line":37,"column":16},"end":{"line":41,"column":17}},"type":"if","locations":[{"start":{"line":37,"column":16},"end":{"line":41,"column":17}},{"start":{"line":37,"column":16},"end":{"line":41,"column":17}}],"line":37},"5":{"loc":{"start":{"line":38,"column":20},"end":{"line":40,"column":21}},"type":"if","locations":[{"start":{"line":38,"column":20},"end":{"line":40,"column":21}},{"start":{"line":38,"column":20},"end":{"line":40,"column":21}}],"line":38},"6":{"loc":{"start":{"line":49,"column":12},"end":{"line":53,"column":13}},"type":"if","locations":[{"start":{"line":49,"column":12},"end":{"line":53,"column":13}},{"start":{"line":49,"column":12},"end":{"line":53,"column":13}}],"line":49},"7":{"loc":{"start":{"line":72,"column":16},"end":{"line":72,"column":47}},"type":"cond-expr","locations":[{"start":{"line":72,"column":22},"end":{"line":72,"column":27}},{"start":{"line":72,"column":28},"end":{"line":72,"column":47}}],"line":72},"8":{"loc":{"start":{"line":77,"column":13},"end":{"line":77,"column":99}},"type":"binary-expr","locations":[{"start":{"line":77,"column":13},"end":{"line":77,"column":18}},{"start":{"line":77,"column":22},"end":{"line":77,"column":99}}],"line":77}},"s":{"0":5,"1":5,"2":5,"3":5,"4":5,"5":5,"6":4,"7":4,"8":1,"9":1,"10":3,"11":3,"12":1,"13":3,"14":3,"15":1,"16":4,"17":4,"18":2,"19":5,"20":0,"21":9,"22":9,"23":1,"24":1,"25":3},"f":{"0":5,"1":5,"2":0,"3":9,"4":1,"5":1,"6":3},"b":{"0":[4,1],"1":[1,3],"2":[3,0],"3":[1,2],"4":[3,0],"5":[1,2],"6":[2,2],"7":[2,7],"8":[9,2]},"_coverageSchema":"1a1c01bbd47fc00a2c39e90264f33305004495a9","hash":"ff7c67edf71af8f060c1f6f71ec5ee9f492f52ac"}
,"C:\\Users\\Casper\\Desktop\\4.Sınıf 2.Dönem\\WebProgramlama2Odev\\1030516486_BS436_WebProgramlama\\odev05\\src\\client\\home.jsx": {"path":"C:\\Users\\Casper\\Desktop\\4.Sınıf 2.Dönem\\WebProgramlama2Odev\\1030516486_BS436_WebProgramlama\\odev05\\src\\client\\home.jsx","statementMap":{"0":{"start":{"line":6,"column":8},"end":{"line":15,"column":10}}},"fnMap":{"0":{"name":"(anonymous_0)","decl":{"start":{"line":5,"column":4},"end":{"line":5,"column":5}},"loc":{"start":{"line":5,"column":12},"end":{"line":16,"column":5}},"line":5}},"branchMap":{},"s":{"0":0},"f":{"0":0},"b":{}}
,"C:\\Users\\Casper\\Desktop\\4.Sınıf 2.Dönem\\WebProgramlama2Odev\\1030516486_BS436_WebProgramlama\\odev05\\src\\client\\index.jsx": {"path":"C:\\Users\\Casper\\Desktop\\4.Sınıf 2.Dönem\\WebProgramlama2Odev\\1030516486_BS436_WebProgramlama\\odev05\\src\\client\\index.jsx","statementMap":{"0":{"start":{"line":7,"column":17},"end":{"line":17,"column":1}},"1":{"start":{"line":8,"column":2},"end":{"line":16,"column":3}},"2":{"start":{"line":21,"column":6},"end":{"line":31,"column":8}},"3":{"start":{"line":35,"column":0},"end":{"line":35,"column":58}}},"fnMap":{"0":{"name":"(anonymous_0)","decl":{"start":{"line":7,"column":17},"end":{"line":7,"column":18}},"loc":{"start":{"line":7,"column":23},"end":{"line":17,"column":1}},"line":7},"1":{"name":"(anonymous_1)","decl":{"start":{"line":20,"column":2},"end":{"line":20,"column":3}},"loc":{"start":{"line":20,"column":10},"end":{"line":32,"column":3}},"line":20}},"branchMap":{},"s":{"0":0,"1":0,"2":0,"3":0},"f":{"0":0,"1":0},"b":{}}
}
