TN:
SF:src\client\Game.jsx
FN:5,(anonymous_0)
FN:16,(anonymous_1)
FN:58,(anonymous_2)
FN:68,(anonymous_3)
FN:73,(anonymous_4)
FN:74,(anonymous_5)
FN:75,(anonymous_6)
FNF:7
FNH:6
FNDA:5,(anonymous_0)
FNDA:5,(anonymous_1)
FNDA:0,(anonymous_2)
FNDA:9,(anonymous_3)
FNDA:1,(anonymous_4)
FNDA:1,(anonymous_5)
FNDA:3,(anonymous_6)
DA:6,5
DA:7,5
DA:16,5
DA:17,5
DA:18,5
DA:24,5
DA:25,4
DA:28,4
DA:29,1
DA:30,1
DA:32,3
DA:33,3
DA:34,1
DA:37,3
DA:38,3
DA:39,1
DA:43,4
DA:49,4
DA:50,2
DA:58,5
DA:59,0
DA:69,9
DA:70,9
DA:73,1
DA:74,1
DA:75,3
LF:26
LH:25
BRDA:24,0,0,4
BRDA:24,0,1,1
BRDA:28,1,0,1
BRDA:28,1,1,3
BRDA:32,2,0,3
BRDA:32,2,1,0
BRDA:33,3,0,1
BRDA:33,3,1,2
BRDA:37,4,0,3
BRDA:37,4,1,0
BRDA:38,5,0,1
BRDA:38,5,1,2
BRDA:49,6,0,2
BRDA:49,6,1,2
BRDA:72,7,0,2
BRDA:72,7,1,7
BRDA:77,8,0,9
BRDA:77,8,1,2
BRF:18
BRH:16
end_of_record
TN:
SF:src\client\home.jsx
FN:5,(anonymous_0)
FNF:1
FNH:0
FNDA:0,(anonymous_0)
DA:6,0
LF:1
LH:0
BRF:0
BRH:0
end_of_record
TN:
SF:src\client\index.jsx
FN:7,(anonymous_0)
FN:20,(anonymous_1)
FNF:2
FNH:0
FNDA:0,(anonymous_0)
FNDA:0,(anonymous_1)
DA:7,0
DA:8,0
DA:21,0
DA:35,0
LF:4
LH:0
BRF:0
BRH:0
end_of_record
