{"/Applications/XAMPP/xamppfiles/htdocs/1030516261_BS436_WebProgramlama/odev02/src/index.js": {"path":"/Applications/XAMPP/xamppfiles/htdocs/1030516261_BS436_WebProgramlama/odev02/src/index.js","statementMap":{"0":{"start":{"line":1,"column":21},"end":{"line":1,"column":56}},"1":{"start":{"line":3,"column":12},"end":{"line":3,"column":13}},"2":{"start":{"line":9,"column":16},"end":{"line":27,"column":1}},"3":{"start":{"line":10,"column":2},"end":{"line":26,"column":3}},"4":{"start":{"line":11,"column":16},"end":{"line":11,"column":63}},"5":{"start":{"line":12,"column":4},"end":{"line":14,"column":5}},"6":{"start":{"line":13,"column":6},"end":{"line":13,"column":48}},"7":{"start":{"line":15,"column":18},"end":{"line":15,"column":37}},"8":{"start":{"line":16,"column":4},"end":{"line":16,"column":24}},"9":{"start":{"line":17,"column":4},"end":{"line":17,"column":55}},"10":{"start":{"line":18,"column":4},"end":{"line":21,"column":5}},"11":{"start":{"line":19,"column":6},"end":{"line":20,"column":164}},"12":{"start":{"line":22,"column":4},"end":{"line":22,"column":15}},"13":{"start":{"line":24,"column":4},"end":{"line":25,"column":147}},"14":{"start":{"line":29,"column":17},"end":{"line":48,"column":1}},"15":{"start":{"line":30,"column":2},"end":{"line":47,"column":3}},"16":{"start":{"line":31,"column":17},"end":{"line":31,"column":64}},"17":{"start":{"line":32,"column":4},"end":{"line":34,"column":5}},"18":{"start":{"line":33,"column":6},"end":{"line":33,"column":50}},"19":{"start":{"line":35,"column":19},"end":{"line":35,"column":39}},"20":{"start":{"line":36,"column":4},"end":{"line":36,"column":25}},"21":{"start":{"line":38,"column":4},"end":{"line":38,"column":57}},"22":{"start":{"line":39,"column":4},"end":{"line":42,"column":5}},"23":{"start":{"line":40,"column":6},"end":{"line":41,"column":164}},"24":{"start":{"line":43,"column":4},"end":{"line":43,"column":15}},"25":{"start":{"line":45,"column":4},"end":{"line":46,"column":147}},"26":{"start":{"line":49,"column":17},"end":{"line":67,"column":1}},"27":{"start":{"line":50,"column":2},"end":{"line":66,"column":3}},"28":{"start":{"line":51,"column":17},"end":{"line":51,"column":64}},"29":{"start":{"line":52,"column":4},"end":{"line":54,"column":5}},"30":{"start":{"line":53,"column":6},"end":{"line":53,"column":50}},"31":{"start":{"line":55,"column":19},"end":{"line":55,"column":39}},"32":{"start":{"line":56,"column":4},"end":{"line":56,"column":25}},"33":{"start":{"line":57,"column":4},"end":{"line":57,"column":57}},"34":{"start":{"line":58,"column":4},"end":{"line":61,"column":5}},"35":{"start":{"line":59,"column":6},"end":{"line":60,"column":164}},"36":{"start":{"line":62,"column":4},"end":{"line":62,"column":15}},"37":{"start":{"line":64,"column":4},"end":{"line":65,"column":147}}},"fnMap":{"0":{"name":"(anonymous_0)","decl":{"start":{"line":9,"column":16},"end":{"line":9,"column":17}},"loc":{"start":{"line":9,"column":22},"end":{"line":27,"column":1}},"line":9},"1":{"name":"(anonymous_1)","decl":{"start":{"line":29,"column":17},"end":{"line":29,"column":18}},"loc":{"start":{"line":29,"column":23},"end":{"line":48,"column":1}},"line":29},"2":{"name":"(anonymous_2)","decl":{"start":{"line":49,"column":17},"end":{"line":49,"column":18}},"loc":{"start":{"line":49,"column":23},"end":{"line":67,"column":1}},"line":49}},"branchMap":{"0":{"loc":{"start":{"line":10,"column":2},"end":{"line":26,"column":3}},"type":"if","locations":[{"start":{"line":10,"column":2},"end":{"line":26,"column":3}},{"start":{"line":10,"column":2},"end":{"line":26,"column":3}}],"line":10},"1":{"loc":{"start":{"line":12,"column":4},"end":{"line":14,"column":5}},"type":"if","locations":[{"start":{"line":12,"column":4},"end":{"line":14,"column":5}},{"start":{"line":12,"column":4},"end":{"line":14,"column":5}}],"line":12},"2":{"loc":{"start":{"line":18,"column":4},"end":{"line":21,"column":5}},"type":"if","locations":[{"start":{"line":18,"column":4},"end":{"line":21,"column":5}},{"start":{"line":18,"column":4},"end":{"line":21,"column":5}}],"line":18},"3":{"loc":{"start":{"line":30,"column":2},"end":{"line":47,"column":3}},"type":"if","locations":[{"start":{"line":30,"column":2},"end":{"line":47,"column":3}},{"start":{"line":30,"column":2},"end":{"line":47,"column":3}}],"line":30},"4":{"loc":{"start":{"line":32,"column":4},"end":{"line":34,"column":5}},"type":"if","locations":[{"start":{"line":32,"column":4},"end":{"line":34,"column":5}},{"start":{"line":32,"column":4},"end":{"line":34,"column":5}}],"line":32},"5":{"loc":{"start":{"line":39,"column":4},"end":{"line":42,"column":5}},"type":"if","locations":[{"start":{"line":39,"column":4},"end":{"line":42,"column":5}},{"start":{"line":39,"column":4},"end":{"line":42,"column":5}}],"line":39},"6":{"loc":{"start":{"line":50,"column":2},"end":{"line":66,"column":3}},"type":"if","locations":[{"start":{"line":50,"column":2},"end":{"line":66,"column":3}},{"start":{"line":50,"column":2},"end":{"line":66,"column":3}}],"line":50},"7":{"loc":{"start":{"line":52,"column":4},"end":{"line":54,"column":5}},"type":"if","locations":[{"start":{"line":52,"column":4},"end":{"line":54,"column":5}},{"start":{"line":52,"column":4},"end":{"line":54,"column":5}}],"line":52},"8":{"loc":{"start":{"line":58,"column":4},"end":{"line":61,"column":5}},"type":"if","locations":[{"start":{"line":58,"column":4},"end":{"line":61,"column":5}},{"start":{"line":58,"column":4},"end":{"line":61,"column":5}}],"line":58}},"s":{"0":0,"1":0,"2":0,"3":0,"4":0,"5":0,"6":0,"7":0,"8":0,"9":0,"10":0,"11":0,"12":0,"13":0,"14":0,"15":0,"16":0,"17":0,"18":0,"19":0,"20":0,"21":0,"22":0,"23":0,"24":0,"25":0,"26":0,"27":0,"28":0,"29":0,"30":0,"31":0,"32":0,"33":0,"34":0,"35":0,"36":0,"37":0},"f":{"0":0,"1":0,"2":0},"b":{"0":[0,0],"1":[0,0],"2":[0,0],"3":[0,0],"4":[0,0],"5":[0,0],"6":[0,0],"7":[0,0],"8":[0,0]}}
}
